Using pre-set license
Built from '2020.3/staging' branch; Version is '2020.3.11f1 (99c7afb366b3) revision 10078127'; Using compiler version '192528614'; Build Type 'Release'
OS: 'Windows 10 Home Single Language; OS build 22000.348; Version 2009; 64bit' Language: 'en' Physical Memory: 8059 MB
BatchMode: 1, IsHumanControllingUs: 0, StartBugReporterOnCrash: 0, Is64bit: 1, IsPro: 0

 COMMAND LINE ARGUMENTS:
C:\Program Files\Unity\Hub\Editor\2020.3.11f1\Editor\Unity.exe
-adb2
-batchMode
-noUpm
-name
AssetImportWorker0
-projectPath
C:/Users/VAMSHI/Downloads/topDown
-logFile
Logs/AssetImportWorker0.log
-srvPort
11370
Successfully changed project path to: C:/Users/VAMSHI/Downloads/topDown
C:/Users/VAMSHI/Downloads/topDown
Using Asset Import Pipeline V2.
Refreshing native plugins compatible for Editor in 59.95 ms, found 2 plugins.
Preloading 0 native plugins for Editor in 0.00 ms.
Initialize engine version: 2020.3.11f1 (99c7afb366b3)
[Subsystems] Discovering subsystems at path C:/Program Files/Unity/Hub/Editor/2020.3.11f1/Editor/Data/Resources/UnitySubsystems
[Subsystems] Discovering subsystems at path C:/Users/VAMSHI/Downloads/topDown/Assets
GfxDevice: creating device client; threaded=0
Direct3D:
    Version:  Direct3D 11.0 [level 11.1]
    Renderer: NVIDIA GeForce GTX 1650 Ti (ID=0x1f95)
    Vendor:   
    VRAM:     3962 MB
    Driver:   30.0.14.9649
Initialize mono
Mono path[0] = 'C:/Program Files/Unity/Hub/Editor/2020.3.11f1/Editor/Data/Managed'
Mono path[1] = 'C:/Program Files/Unity/Hub/Editor/2020.3.11f1/Editor/Data/MonoBleedingEdge/lib/mono/unityjit'
Mono config path = 'C:/Program Files/Unity/Hub/Editor/2020.3.11f1/Editor/Data/MonoBleedingEdge/etc'
Using monoOptions --debugger-agent=transport=dt_socket,embedding=1,server=y,suspend=n,address=127.0.0.1:56680
Begin MonoManager ReloadAssembly
Registering precompiled unity dll's ...
Register platform support module: C:/Program Files/Unity/Hub/Editor/2020.3.11f1/Editor/Data/PlaybackEngines/WindowsStandaloneSupport/UnityEditor.WindowsStandalone.Extensions.dll
Registered in 0.002376 seconds.
Native extension for WindowsStandalone target not found
Refreshing native plugins compatible for Editor in 39.93 ms, found 2 plugins.
Preloading 0 native plugins for Editor in 0.00 ms.
Mono: successfully reloaded assembly
- Completed reload, in  2.639 seconds
Platform modules already initialized, skipping
Registering precompiled user dll's ...
Registered in 0.005639 seconds.
Begin MonoManager ReloadAssembly
Native extension for WindowsStandalone target not found
Refreshing native plugins compatible for Editor in 0.36 ms, found 2 plugins.
Preloading 0 native plugins for Editor in 0.00 ms.
Mono: successfully reloaded assembly
- Completed reload, in  1.445 seconds
Platform modules already initialized, skipping
========================================================================
Worker process is ready to serve import requests
Launched and connected shader compiler UnityShaderCompiler.exe after 0.07 seconds
Refreshing native plugins compatible for Editor in 0.45 ms, found 2 plugins.
Preloading 0 native plugins for Editor in 0.00 ms.
Unloading 1558 Unused Serialized files (Serialized files now loaded: 0)
System memory in use before: 72.3 MB.
System memory in use after: 72.3 MB.

Unloading 20 unused Assets to reduce memory usage. Loaded Objects now: 1994.
Total: 2.850900 ms (FindLiveObjects: 0.213800 ms CreateObjectMapping: 0.071200 ms MarkObjects: 2.443100 ms  DeleteObjects: 0.121500 ms)

========================================================================
Received Import Request.
  path: Assets/scripts/bulletDestroy.cs
  artifactKey: Guid(8d3dffb03bf5812458acdec96d518335) Importer(815301076,1909f56bfc062723c751e8b465ee728b)
Start importing Assets/scripts/bulletDestroy.cs using Guid(8d3dffb03bf5812458acdec96d518335) Importer(815301076,1909f56bfc062723c751e8b465ee728b)  -> (artifact id: '2086f2be7e2276b28d25e35fdea18bca') in 0.038678 seconds
  Import took 0.042718 seconds .

========================================================================
Received Import Request.
  Time since last request: 13.727502 seconds.
  path: Assets/scripts/Firing.cs
  artifactKey: Guid(e5872c0d98f3ce740a75a07b7bf7b208) Importer(815301076,1909f56bfc062723c751e8b465ee728b)
Start importing Assets/scripts/Firing.cs using Guid(e5872c0d98f3ce740a75a07b7bf7b208) Importer(815301076,1909f56bfc062723c751e8b465ee728b)  -> (artifact id: '0f1cc645e04367961af16feb3c272a92') in 0.011457 seconds
  Import took 0.015677 seconds .

========================================================================
Received Import Request.
  Time since last request: 0.035116 seconds.
  path: Assets/scripts/Firing.cs
  artifactKey: Guid(e5872c0d98f3ce740a75a07b7bf7b208) Importer(815301076,1909f56bfc062723c751e8b465ee728b)
Start importing Assets/scripts/Firing.cs using Guid(e5872c0d98f3ce740a75a07b7bf7b208) Importer(815301076,1909f56bfc062723c751e8b465ee728b)  -> (artifact id: '0f1cc645e04367961af16feb3c272a92') in 0.005595 seconds
  Import took 0.011326 seconds .

========================================================================
Received Prepare
Registering precompiled user dll's ...
Registered in 0.009199 seconds.
Begin MonoManager ReloadAssembly
Native extension for WindowsStandalone target not found
Refreshing native plugins compatible for Editor in 0.34 ms, found 2 plugins.
Preloading 0 native plugins for Editor in 0.00 ms.
Mono: successfully reloaded assembly
- Completed reload, in  1.319 seconds
Platform modules already initialized, skipping
Switching build target platform(19) subTarget(0) extendedPlatform(0) -> platform(13) subTarget(537395200) extendedPlatform(0)
Refreshing native plugins compatible for Editor in 0.76 ms, found 2 plugins.
Preloading 0 native plugins for Editor in 0.00 ms.
Unloading 1554 Unused Serialized files (Serialized files now loaded: 0)
System memory in use before: 72.0 MB.
System memory in use after: 72.1 MB.

Unloading 15 unused Assets to reduce memory usage. Loaded Objects now: 1997.
Total: 3.616800 ms (FindLiveObjects: 0.456200 ms CreateObjectMapping: 0.137600 ms MarkObjects: 2.896700 ms  DeleteObjects: 0.124900 ms)

AssetImportParameters requested are different than current active one (requested -> active):
  custom:graphics/normal-map-encoding: 01000000000000000000000000000000 -> 02000000000000000000000000000000
========================================================================
Received Import Request.
  Time since last request: 33.694663 seconds.
  path: Assets/scripts/Firing.cs
  artifactKey: Guid(e5872c0d98f3ce740a75a07b7bf7b208) Importer(815301076,1909f56bfc062723c751e8b465ee728b)
Start importing Assets/scripts/Firing.cs using Guid(e5872c0d98f3ce740a75a07b7bf7b208) Importer(815301076,1909f56bfc062723c751e8b465ee728b)  -> (artifact id: 'be26d7a45575b388e4b175f53f19fd17') in 0.008320 seconds
  Import took 0.012722 seconds .

========================================================================
Received Prepare
Registering precompiled user dll's ...
Registered in 0.012674 seconds.
Begin MonoManager ReloadAssembly
Native extension for WindowsStandalone target not found
Refreshing native plugins compatible for Editor in 0.33 ms, found 2 plugins.
Preloading 0 native plugins for Editor in 0.00 ms.
Mono: successfully reloaded assembly
- Completed reload, in  1.287 seconds
Platform modules already initialized, skipping
Switching build target platform(19) subTarget(0) extendedPlatform(0) -> platform(13) subTarget(537395200) extendedPlatform(0)
Refreshing native plugins compatible for Editor in 0.42 ms, found 2 plugins.
Preloading 0 native plugins for Editor in 0.00 ms.
Unloading 1554 Unused Serialized files (Serialized files now loaded: 0)
System memory in use before: 72.0 MB.
System memory in use after: 72.1 MB.

Unloading 15 unused Assets to reduce memory usage. Loaded Objects now: 2000.
Total: 2.577100 ms (FindLiveObjects: 0.205300 ms CreateObjectMapping: 0.069400 ms MarkObjects: 2.217800 ms  DeleteObjects: 0.083200 ms)

AssetImportParameters requested are different than current active one (requested -> active):
  custom:graphics/normal-map-encoding: 01000000000000000000000000000000 -> 02000000000000000000000000000000
========================================================================
Received Import Request.
  Time since last request: 100.335228 seconds.
  path: Assets/scripts/bulletDestroy.cs
  artifactKey: Guid(8d3dffb03bf5812458acdec96d518335) Importer(815301076,1909f56bfc062723c751e8b465ee728b)
Start importing Assets/scripts/bulletDestroy.cs using Guid(8d3dffb03bf5812458acdec96d518335) Importer(815301076,1909f56bfc062723c751e8b465ee728b)  -> (artifact id: 'feff5f3c25f24ca564dfcb8e7ec71fd2') in 0.007166 seconds
  Import took 0.010557 seconds .

========================================================================
Received Import Request.
  Time since last request: 31.215212 seconds.
  path: Assets/Bullet.prefab
  artifactKey: Guid(208a1887e2ae2b74d83d3b5064420ab7) Importer(815301076,1909f56bfc062723c751e8b465ee728b)
Start importing Assets/Bullet.prefab using Guid(208a1887e2ae2b74d83d3b5064420ab7) Importer(815301076,1909f56bfc062723c751e8b465ee728b)  -> (artifact id: 'ee566e7ad3e76355b67f219af4e8e6f8') in 0.515478 seconds
  Import took 0.519692 seconds .

========================================================================
Received Import Request.
  Time since last request: 164.791900 seconds.
  path: Assets/Scenes/SampleScene 1.unity
  artifactKey: Guid(5c7309ab2e6f8484285e2a945f403c30) Importer(815301076,1909f56bfc062723c751e8b465ee728b)
Start importing Assets/Scenes/SampleScene 1.unity using Guid(5c7309ab2e6f8484285e2a945f403c30) Importer(815301076,1909f56bfc062723c751e8b465ee728b)  -> (artifact id: '8ac7dd788ba5d4b20e871e3d712035e7') in 0.013204 seconds
  Import took 0.017953 seconds .

========================================================================
Received Prepare
Registering precompiled user dll's ...
Registered in 0.005778 seconds.
Begin MonoManager ReloadAssembly
Native extension for WindowsStandalone target not found
Refreshing native plugins compatible for Editor in 0.38 ms, found 2 plugins.
Preloading 0 native plugins for Editor in 0.00 ms.
Mono: successfully reloaded assembly
- Completed reload, in  1.250 seconds
Platform modules already initialized, skipping
Switching build target platform(19) subTarget(0) extendedPlatform(0) -> platform(13) subTarget(537395200) extendedPlatform(0)
Refreshing native plugins compatible for Editor in 0.38 ms, found 2 plugins.
Preloading 0 native plugins for Editor in 0.00 ms.
Unloading 1554 Unused Serialized files (Serialized files now loaded: 0)
System memory in use before: 75.2 MB.
System memory in use after: 75.3 MB.

Unloading 15 unused Assets to reduce memory usage. Loaded Objects now: 2010.
Total: 2.437000 ms (FindLiveObjects: 0.175100 ms CreateObjectMapping: 0.051300 ms MarkObjects: 2.073700 ms  DeleteObjects: 0.135600 ms)

AssetImportParameters requested are different than current active one (requested -> active):
  custom:graphics/normal-map-encoding: 01000000000000000000000000000000 -> 02000000000000000000000000000000
========================================================================
Received Import Request.
  Time since last request: 3.127612 seconds.
  path: Assets/Scenes/SampleScene 2.unity
  artifactKey: Guid(5adb68473e6029246b336bd04f1e8aa3) Importer(815301076,1909f56bfc062723c751e8b465ee728b)
Start importing Assets/Scenes/SampleScene 2.unity using Guid(5adb68473e6029246b336bd04f1e8aa3) Importer(815301076,1909f56bfc062723c751e8b465ee728b)  -> (artifact id: '46c7a39737518accea657016eb05e1c7') in 0.022591 seconds
  Import took 0.026066 seconds .

========================================================================
Received Import Request.
  Time since last request: 9.471122 seconds.
  path: Assets/Scenes/level2.unity
  artifactKey: Guid(5adb68473e6029246b336bd04f1e8aa3) Importer(815301076,1909f56bfc062723c751e8b465ee728b)
Start importing Assets/Scenes/level2.unity using Guid(5adb68473e6029246b336bd04f1e8aa3) Importer(815301076,1909f56bfc062723c751e8b465ee728b)  -> (artifact id: 'a0f1cc85cf39ff7c0b100d9455b0eab6') in 0.012856 seconds
  Import took 0.018827 seconds .

========================================================================
Received Prepare
Registering precompiled user dll's ...
Registered in 0.008023 seconds.
Begin MonoManager ReloadAssembly
Native extension for WindowsStandalone target not found
Refreshing native plugins compatible for Editor in 0.42 ms, found 2 plugins.
Preloading 0 native plugins for Editor in 0.00 ms.
Mono: successfully reloaded assembly
- Completed reload, in  1.354 seconds
Platform modules already initialized, skipping
Switching build target platform(19) subTarget(0) extendedPlatform(0) -> platform(13) subTarget(537395200) extendedPlatform(0)
Refreshing native plugins compatible for Editor in 0.44 ms, found 2 plugins.
Preloading 0 native plugins for Editor in 0.00 ms.
Unloading 1554 Unused Serialized files (Serialized files now loaded: 0)
System memory in use before: 75.2 MB.
System memory in use after: 75.3 MB.

Unloading 15 unused Assets to reduce memory usage. Loaded Objects now: 2013.
Total: 2.686300 ms (FindLiveObjects: 0.200100 ms CreateObjectMapping: 0.065800 ms MarkObjects: 2.340000 ms  DeleteObjects: 0.078900 ms)

AssetImportParameters requested are different than current active one (requested -> active):
  custom:graphics/normal-map-encoding: 01000000000000000000000000000000 -> 02000000000000000000000000000000
========================================================================
Received Prepare
Registering precompiled user dll's ...
Registered in 0.008583 seconds.
Begin MonoManager ReloadAssembly
Native extension for WindowsStandalone target not found
Refreshing native plugins compatible for Editor in 0.38 ms, found 2 plugins.
Preloading 0 native plugins for Editor in 0.00 ms.
Mono: successfully reloaded assembly
- Completed reload, in  1.290 seconds
Platform modules already initialized, skipping
Switching build target platform(19) subTarget(0) extendedPlatform(0) -> platform(13) subTarget(537395200) extendedPlatform(0)
Refreshing native plugins compatible for Editor in 0.50 ms, found 2 plugins.
Preloading 0 native plugins for Editor in 0.00 ms.
Unloading 1554 Unused Serialized files (Serialized files now loaded: 0)
System memory in use before: 75.2 MB.
System memory in use after: 75.3 MB.

Unloading 15 unused Assets to reduce memory usage. Loaded Objects now: 2016.
Total: 2.150600 ms (FindLiveObjects: 0.162200 ms CreateObjectMapping: 0.051500 ms MarkObjects: 1.809400 ms  DeleteObjects: 0.126700 ms)

AssetImportParameters requested are different than current active one (requested -> active):
  custom:graphics/normal-map-encoding: 01000000000000000000000000000000 -> 02000000000000000000000000000000
========================================================================
Received Import Request.
  Time since last request: 327.563965 seconds.
  path: Assets/Scenes/nextscene.cs
  artifactKey: Guid(9d4d2d0a43a4aab48b439748b9b9de25) Importer(815301076,1909f56bfc062723c751e8b465ee728b)
Start importing Assets/Scenes/nextscene.cs using Guid(9d4d2d0a43a4aab48b439748b9b9de25) Importer(815301076,1909f56bfc062723c751e8b465ee728b)  -> (artifact id: '515ff0ddd03d3b036277a4802c660340') in 0.022272 seconds
  Import took 0.025840 seconds .

========================================================================
Received Import Request.
  Time since last request: 3.294664 seconds.
  path: Assets/Scenes/nextscene1.cs
  artifactKey: Guid(6f316d682b86ad74686909539f24001d) Importer(815301076,1909f56bfc062723c751e8b465ee728b)
Start importing Assets/Scenes/nextscene1.cs using Guid(6f316d682b86ad74686909539f24001d) Importer(815301076,1909f56bfc062723c751e8b465ee728b)  -> (artifact id: 'b494ff440ef37bcf1b097a4337b4ac33') in 0.016108 seconds
  Import took 0.020357 seconds .

========================================================================
Received Prepare
Registering precompiled user dll's ...
Registered in 0.005200 seconds.
Begin MonoManager ReloadAssembly
Native extension for WindowsStandalone target not found
Refreshing native plugins compatible for Editor in 0.43 ms, found 2 plugins.
Preloading 0 native plugins for Editor in 0.00 ms.
Mono: successfully reloaded assembly
- Completed reload, in  1.687 seconds
Platform modules already initialized, skipping
Switching build target platform(19) subTarget(0) extendedPlatform(0) -> platform(13) subTarget(537395200) extendedPlatform(0)
Refreshing native plugins compatible for Editor in 0.44 ms, found 2 plugins.
Preloading 0 native plugins for Editor in 0.00 ms.
Unloading 1554 Unused Serialized files (Serialized files now loaded: 0)
System memory in use before: 75.2 MB.
System memory in use after: 75.3 MB.

Unloading 15 unused Assets to reduce memory usage. Loaded Objects now: 2019.
Total: 2.660500 ms (FindLiveObjects: 0.200100 ms CreateObjectMapping: 0.068800 ms MarkObjects: 2.306100 ms  DeleteObjects: 0.084200 ms)

AssetImportParameters requested are different than current active one (requested -> active):
  custom:graphics/normal-map-encoding: 01000000000000000000000000000000 -> 02000000000000000000000000000000
========================================================================
Received Import Request.
  Time since last request: 73.470883 seconds.
  path: Assets/Scenes/endscene.cs
  artifactKey: Guid(e82057f041414924ea418019646117c2) Importer(815301076,1909f56bfc062723c751e8b465ee728b)
Start importing Assets/Scenes/endscene.cs using Guid(e82057f041414924ea418019646117c2) Importer(815301076,1909f56bfc062723c751e8b465ee728b)  -> (artifact id: 'd36ffa745abbad4ca737faa691d12cb2') in 0.018290 seconds
  Import took 0.022623 seconds .

========================================================================
Received Prepare
Registering precompiled user dll's ...
Registered in 0.005742 seconds.
Begin MonoManager ReloadAssembly
Native extension for WindowsStandalone target not found
Refreshing native plugins compatible for Editor in 0.48 ms, found 2 plugins.
Preloading 0 native plugins for Editor in 0.00 ms.
Mono: successfully reloaded assembly
- Completed reload, in  1.393 seconds
Platform modules already initialized, skipping
Switching build target platform(19) subTarget(0) extendedPlatform(0) -> platform(13) subTarget(537395200) extendedPlatform(0)
Refreshing native plugins compatible for Editor in 0.41 ms, found 2 plugins.
Preloading 0 native plugins for Editor in 0.00 ms.
Unloading 1555 Unused Serialized files (Serialized files now loaded: 0)
System memory in use before: 75.2 MB.
System memory in use after: 75.3 MB.

Unloading 15 unused Assets to reduce memory usage. Loaded Objects now: 2023.
Total: 4.798100 ms (FindLiveObjects: 0.229100 ms CreateObjectMapping: 0.079400 ms MarkObjects: 4.380200 ms  DeleteObjects: 0.107300 ms)

AssetImportParameters requested are different than current active one (requested -> active):
  custom:graphics/normal-map-encoding: 01000000000000000000000000000000 -> 02000000000000000000000000000000
========================================================================
Received Prepare
Registering precompiled user dll's ...
Registered in 0.005869 seconds.
Begin MonoManager ReloadAssembly
Native extension for WindowsStandalone target not found
Refreshing native plugins compatible for Editor in 0.34 ms, found 2 plugins.
Preloading 0 native plugins for Editor in 0.00 ms.
Mono: successfully reloaded assembly
- Completed reload, in  1.294 seconds
Platform modules already initialized, skipping
Switching build target platform(19) subTarget(0) extendedPlatform(0) -> platform(13) subTarget(537395200) extendedPlatform(0)
Refreshing native plugins compatible for Editor in 0.41 ms, found 2 plugins.
Preloading 0 native plugins for Editor in 0.00 ms.
Unloading 1555 Unused Serialized files (Serialized files now loaded: 0)
System memory in use before: 75.3 MB.
System memory in use after: 75.3 MB.

Unloading 15 unused Assets to reduce memory usage. Loaded Objects now: 2026.
Total: 2.674900 ms (FindLiveObjects: 0.363600 ms CreateObjectMapping: 0.081100 ms MarkObjects: 2.114400 ms  DeleteObjects: 0.114800 ms)

AssetImportParameters requested are different than current active one (requested -> active):
  custom:graphics/normal-map-encoding: 01000000000000000000000000000000 -> 02000000000000000000000000000000
========================================================================
Received Import Request.
  Time since last request: 142.073140 seconds.
  path: Assets/Scenes/level2.unity
  artifactKey: Guid(5adb68473e6029246b336bd04f1e8aa3) Importer(815301076,1909f56bfc062723c751e8b465ee728b)
Start importing Assets/Scenes/level2.unity using Guid(5adb68473e6029246b336bd04f1e8aa3) Importer(815301076,1909f56bfc062723c751e8b465ee728b)  -> (artifact id: '681cb3dbf0c209a1ddad51e15fe0102f') in 0.024250 seconds
  Import took 0.035326 seconds .

========================================================================
Received Import Request.
  Time since last request: 12.037960 seconds.
  path: Assets/level2.unity
  artifactKey: Guid(684f37486f8ab914487648d8ff0db76f) Importer(815301076,1909f56bfc062723c751e8b465ee728b)
Start importing Assets/level2.unity using Guid(684f37486f8ab914487648d8ff0db76f) Importer(815301076,1909f56bfc062723c751e8b465ee728b)  -> (artifact id: '00d73dcacac8e560bff3019cc9bce4da') in 0.005431 seconds
  Import took 0.010234 seconds .

========================================================================
Received Import Request.
  Time since last request: 18.906509 seconds.
  path: Assets/won.unity
  artifactKey: Guid(7d5abb825220ce342950b755632b4c44) Importer(815301076,1909f56bfc062723c751e8b465ee728b)
Start importing Assets/won.unity using Guid(7d5abb825220ce342950b755632b4c44) Importer(815301076,1909f56bfc062723c751e8b465ee728b)  -> (artifact id: 'd954c5979be7a9c25ece2dcaebc3d05f') in 0.011522 seconds
  Import took 0.015844 seconds .

========================================================================
Received Import Request.
  Time since last request: 4864.790105 seconds.
  path: Assets/inline_image_preview.jpg
  artifactKey: Guid(a7d59cc17d433e542ac35ac3a35f6c32) Importer(815301076,1909f56bfc062723c751e8b465ee728b)
Start importing Assets/inline_image_preview.jpg using Guid(a7d59cc17d433e542ac35ac3a35f6c32) Importer(815301076,1909f56bfc062723c751e8b465ee728b)  -> (artifact id: 'a6c807801f469d42caf917ce2b641d35') in 0.080075 seconds
  Import took 0.084682 seconds .

========================================================================
Received Import Request.
  Time since last request: 11.510026 seconds.
  path: Assets/inline_image_preview.jpg
  artifactKey: Guid(a7d59cc17d433e542ac35ac3a35f6c32) Importer(815301076,1909f56bfc062723c751e8b465ee728b)
Start importing Assets/inline_image_preview.jpg using Guid(a7d59cc17d433e542ac35ac3a35f6c32) Importer(815301076,1909f56bfc062723c751e8b465ee728b)  -> (artifact id: 'b6c4ff9bdf512bad5bcbe3f35a030b12') in 0.043762 seconds
  Import took 0.046611 seconds .

========================================================================
Received Import Request.
  Time since last request: 199.933039 seconds.
  path: Assets/Scenes/endscene.cs
  artifactKey: Guid(e82057f041414924ea418019646117c2) Importer(815301076,1909f56bfc062723c751e8b465ee728b)
Start importing Assets/Scenes/endscene.cs using Guid(e82057f041414924ea418019646117c2) Importer(815301076,1909f56bfc062723c751e8b465ee728b)  -> (artifact id: '13bd13ab97d017ad9ead2f062d86577d') in 0.005139 seconds
  Import took 0.008545 seconds .

========================================================================
Received Import Request.
  Time since last request: 1094.115237 seconds.
  path: Assets/Scenes/level2.unity
  artifactKey: Guid(5adb68473e6029246b336bd04f1e8aa3) Importer(815301076,1909f56bfc062723c751e8b465ee728b)
Start importing Assets/Scenes/level2.unity using Guid(5adb68473e6029246b336bd04f1e8aa3) Importer(815301076,1909f56bfc062723c751e8b465ee728b)  -> (artifact id: '02eb6f4b5df070ffc710d340b36b5712') in 0.008233 seconds
  Import took 0.012804 seconds .

========================================================================
Received Import Request.
  Time since last request: 0.004598 seconds.
  path: Assets/Scenes/level2.unity
  artifactKey: Guid(5adb68473e6029246b336bd04f1e8aa3) Importer(815301076,1909f56bfc062723c751e8b465ee728b)
Start importing Assets/Scenes/level2.unity using Guid(5adb68473e6029246b336bd04f1e8aa3) Importer(815301076,1909f56bfc062723c751e8b465ee728b)  -> (artifact id: '02eb6f4b5df070ffc710d340b36b5712') in 0.003740 seconds
  Import took 0.007051 seconds .

========================================================================
Received Import Request.
  Time since last request: 1.254054 seconds.
  path: Assets/Scenes/GameOver.unity
  artifactKey: Guid(7883ac46d6f4c8e498c67abedff19525) Importer(815301076,1909f56bfc062723c751e8b465ee728b)
Start importing Assets/Scenes/GameOver.unity using Guid(7883ac46d6f4c8e498c67abedff19525) Importer(815301076,1909f56bfc062723c751e8b465ee728b)  -> (artifact id: '7a1be96d5b5a192828ea389354455e8f') in 0.011811 seconds
  Import took 0.015586 seconds .

========================================================================
Received Import Request.
  Time since last request: 2.131385 seconds.
  path: Assets/Scenes/Main.unity
  artifactKey: Guid(a6d96f98b0ff2e342a780e7dc4fb2a7e) Importer(815301076,1909f56bfc062723c751e8b465ee728b)
Start importing Assets/Scenes/Main.unity using Guid(a6d96f98b0ff2e342a780e7dc4fb2a7e) Importer(815301076,1909f56bfc062723c751e8b465ee728b)  -> (artifact id: '39ffcd3bfb0fdab2ecd58589b2fd4402') in 0.011473 seconds
  Import took 0.014726 seconds .

========================================================================
Received Import Request.
  Time since last request: 8.326630 seconds.
  path: Assets/won.unity
  artifactKey: Guid(7d5abb825220ce342950b755632b4c44) Importer(815301076,1909f56bfc062723c751e8b465ee728b)
Start importing Assets/won.unity using Guid(7d5abb825220ce342950b755632b4c44) Importer(815301076,1909f56bfc062723c751e8b465ee728b)  -> (artifact id: '17267fadafb786c0f641f4493ada4b4c') in 0.005689 seconds
  Import took 0.009144 seconds .

========================================================================
Received Import Request.
  Time since last request: 489.109775 seconds.
  path: Assets/Scenes/NewBehaviourScript.cs
  artifactKey: Guid(57e6a3f720a5e964a9dd8cebc31533ad) Importer(815301076,1909f56bfc062723c751e8b465ee728b)
Start importing Assets/Scenes/NewBehaviourScript.cs using Guid(57e6a3f720a5e964a9dd8cebc31533ad) Importer(815301076,1909f56bfc062723c751e8b465ee728b)  -> (artifact id: 'bbd8943ea240ae2694adf7df986a644b') in 0.012181 seconds
  Import took 0.016217 seconds .

========================================================================
Received Import Request.
  Time since last request: 0.000956 seconds.
  path: Assets/Scenes/NewBehaviourScript.cs
  artifactKey: Guid(57e6a3f720a5e964a9dd8cebc31533ad) Importer(815301076,1909f56bfc062723c751e8b465ee728b)
Start importing Assets/Scenes/NewBehaviourScript.cs using Guid(57e6a3f720a5e964a9dd8cebc31533ad) Importer(815301076,1909f56bfc062723c751e8b465ee728b)  -> (artifact id: 'bbd8943ea240ae2694adf7df986a644b') in 0.004634 seconds
  Import took 0.007769 seconds .

========================================================================
Received Prepare
Registering precompiled user dll's ...
Registered in 0.008126 seconds.
Begin MonoManager ReloadAssembly
Native extension for WindowsStandalone target not found
Refreshing native plugins compatible for Editor in 0.34 ms, found 2 plugins.
Preloading 0 native plugins for Editor in 0.00 ms.
Mono: successfully reloaded assembly
- Completed reload, in  1.118 seconds
Platform modules already initialized, skipping
Switching build target platform(19) subTarget(0) extendedPlatform(0) -> platform(13) subTarget(537395200) extendedPlatform(0)
Refreshing native plugins compatible for Editor in 0.32 ms, found 2 plugins.
Preloading 0 native plugins for Editor in 0.00 ms.
Unloading 1556 Unused Serialized files (Serialized files now loaded: 0)
System memory in use before: 75.3 MB.
System memory in use after: 75.4 MB.

Unloading 15 unused Assets to reduce memory usage. Loaded Objects now: 2035.
Total: 2.018900 ms (FindLiveObjects: 0.151800 ms CreateObjectMapping: 0.049100 ms MarkObjects: 1.742700 ms  DeleteObjects: 0.074400 ms)

AssetImportParameters requested are different than current active one (requested -> active):
  custom:graphics/normal-map-encoding: 01000000000000000000000000000000 -> 02000000000000000000000000000000
========================================================================
Received Prepare
Registering precompiled user dll's ...
Registered in 0.004145 seconds.
Begin MonoManager ReloadAssembly
Native extension for WindowsStandalone target not found
Refreshing native plugins compatible for Editor in 0.32 ms, found 2 plugins.
Preloading 0 native plugins for Editor in 0.00 ms.
Mono: successfully reloaded assembly
- Completed reload, in  0.963 seconds
Platform modules already initialized, skipping
Switching build target platform(19) subTarget(0) extendedPlatform(0) -> platform(13) subTarget(537395200) extendedPlatform(0)
Refreshing native plugins compatible for Editor in 0.38 ms, found 2 plugins.
Preloading 0 native plugins for Editor in 0.00 ms.
Unloading 1555 Unused Serialized files (Serialized files now loaded: 0)
System memory in use before: 75.3 MB.
System memory in use after: 75.4 MB.

Unloading 16 unused Assets to reduce memory usage. Loaded Objects now: 2037.
Total: 1.878600 ms (FindLiveObjects: 0.166900 ms CreateObjectMapping: 0.049800 ms MarkObjects: 1.564000 ms  DeleteObjects: 0.096900 ms)

AssetImportParameters requested are different than current active one (requested -> active):
  custom:graphics/normal-map-encoding: 01000000000000000000000000000000 -> 02000000000000000000000000000000
========================================================================
Received Prepare
Registering precompiled user dll's ...
Registered in 0.004316 seconds.
Begin MonoManager ReloadAssembly
Native extension for WindowsStandalone target not found
Refreshing native plugins compatible for Editor in 0.31 ms, found 2 plugins.
Preloading 0 native plugins for Editor in 0.00 ms.
Mono: successfully reloaded assembly
- Completed reload, in  0.911 seconds
Platform modules already initialized, skipping
Switching build target platform(19) subTarget(0) extendedPlatform(0) -> platform(13) subTarget(537395200) extendedPlatform(0)
Refreshing native plugins compatible for Editor in 0.38 ms, found 2 plugins.
Preloading 0 native plugins for Editor in 0.00 ms.
Unloading 1555 Unused Serialized files (Serialized files now loaded: 0)
System memory in use before: 75.3 MB.
System memory in use after: 75.4 MB.

Unloading 15 unused Assets to reduce memory usage. Loaded Objects now: 2040.
Total: 1.623200 ms (FindLiveObjects: 0.148300 ms CreateObjectMapping: 0.051000 ms MarkObjects: 1.371000 ms  DeleteObjects: 0.052100 ms)

AssetImportParameters requested are different than current active one (requested -> active):
  custom:graphics/normal-map-encoding: 01000000000000000000000000000000 -> 02000000000000000000000000000000
========================================================================
Received Import Request.
  Time since last request: 106.613242 seconds.
  path: Assets/Scenes/Start.cs
  artifactKey: Guid(4d0d62555effb2344924085ef09963cc) Importer(815301076,1909f56bfc062723c751e8b465ee728b)
Start importing Assets/Scenes/Start.cs using Guid(4d0d62555effb2344924085ef09963cc) Importer(815301076,1909f56bfc062723c751e8b465ee728b)  -> (artifact id: 'de57d54873bf7c0c86bd0e5359eb67e3') in 0.012762 seconds
  Import took 0.016653 seconds .

========================================================================
Received Prepare
Registering precompiled user dll's ...
Registered in 0.003748 seconds.
Begin MonoManager ReloadAssembly
Native extension for WindowsStandalone target not found
Refreshing native plugins compatible for Editor in 0.31 ms, found 2 plugins.
Preloading 0 native plugins for Editor in 0.00 ms.
Mono: successfully reloaded assembly
- Completed reload, in  0.950 seconds
Platform modules already initialized, skipping
Switching build target platform(19) subTarget(0) extendedPlatform(0) -> platform(13) subTarget(537395200) extendedPlatform(0)
Refreshing native plugins compatible for Editor in 0.33 ms, found 2 plugins.
Preloading 0 native plugins for Editor in 0.00 ms.
Unloading 1555 Unused Serialized files (Serialized files now loaded: 0)
System memory in use before: 75.3 MB.
System memory in use after: 75.4 MB.

Unloading 15 unused Assets to reduce memory usage. Loaded Objects now: 2043.
Total: 1.725400 ms (FindLiveObjects: 0.149500 ms CreateObjectMapping: 0.048900 ms MarkObjects: 1.471800 ms  DeleteObjects: 0.054200 ms)

AssetImportParameters requested are different than current active one (requested -> active):
  custom:graphics/normal-map-encoding: 01000000000000000000000000000000 -> 02000000000000000000000000000000
========================================================================
Received Import Request.
  Time since last request: 28.448888 seconds.
  path: Assets/Scenes/ustart.cs
  artifactKey: Guid(bb07b709ccc93494cb3a643727903117) Importer(815301076,1909f56bfc062723c751e8b465ee728b)
Start importing Assets/Scenes/ustart.cs using Guid(bb07b709ccc93494cb3a643727903117) Importer(815301076,1909f56bfc062723c751e8b465ee728b)  -> (artifact id: 'd4632d9e099c6ba0a214e83a762dd40c') in 0.017661 seconds
  Import took 0.022566 seconds .

========================================================================
Received Prepare
Registering precompiled user dll's ...
Registered in 0.003612 seconds.
Begin MonoManager ReloadAssembly
Native extension for WindowsStandalone target not found
Refreshing native plugins compatible for Editor in 0.71 ms, found 2 plugins.
Preloading 0 native plugins for Editor in 0.00 ms.
Mono: successfully reloaded assembly
- Completed reload, in  0.962 seconds
Platform modules already initialized, skipping
Switching build target platform(19) subTarget(0) extendedPlatform(0) -> platform(13) subTarget(537395200) extendedPlatform(0)
Refreshing native plugins compatible for Editor in 0.33 ms, found 2 plugins.
Preloading 0 native plugins for Editor in 0.00 ms.
Unloading 1556 Unused Serialized files (Serialized files now loaded: 0)
System memory in use before: 75.3 MB.
System memory in use after: 75.4 MB.

Unloading 15 unused Assets to reduce memory usage. Loaded Objects now: 2047.
Total: 2.277200 ms (FindLiveObjects: 0.164600 ms CreateObjectMapping: 0.047400 ms MarkObjects: 1.973200 ms  DeleteObjects: 0.090800 ms)

AssetImportParameters requested are different than current active one (requested -> active):
  custom:graphics/normal-map-encoding: 01000000000000000000000000000000 -> 02000000000000000000000000000000
========================================================================
Received Prepare
Registering precompiled user dll's ...
Registered in 0.004750 seconds.
Begin MonoManager ReloadAssembly
Native extension for WindowsStandalone target not found
Refreshing native plugins compatible for Editor in 0.33 ms, found 2 plugins.
Preloading 0 native plugins for Editor in 0.00 ms.
Mono: successfully reloaded assembly
- Completed reload, in  1.030 seconds
Platform modules already initialized, skipping
Switching build target platform(19) subTarget(0) extendedPlatform(0) -> platform(13) subTarget(537395200) extendedPlatform(0)
Refreshing native plugins compatible for Editor in 0.31 ms, found 2 plugins.
Preloading 0 native plugins for Editor in 0.00 ms.
Unloading 1556 Unused Serialized files (Serialized files now loaded: 0)
System memory in use before: 75.4 MB.
System memory in use after: 75.4 MB.

Unloading 15 unused Assets to reduce memory usage. Loaded Objects now: 2050.
Total: 1.693400 ms (FindLiveObjects: 0.180300 ms CreateObjectMapping: 0.071800 ms MarkObjects: 1.388100 ms  DeleteObjects: 0.052300 ms)

AssetImportParameters requested are different than current active one (requested -> active):
  custom:graphics/normal-map-encoding: 01000000000000000000000000000000 -> 02000000000000000000000000000000
========================================================================
Received Import Request.
  Time since last request: 100.701226 seconds.
  path: Assets/Scenes/ustart.cs
  artifactKey: Guid(bb07b709ccc93494cb3a643727903117) Importer(815301076,1909f56bfc062723c751e8b465ee728b)
Start importing Assets/Scenes/ustart.cs using Guid(bb07b709ccc93494cb3a643727903117) Importer(815301076,1909f56bfc062723c751e8b465ee728b)  -> (artifact id: '832114a5494cdbd8b92221de4e65f377') in 0.004500 seconds
  Import took 0.006716 seconds .

========================================================================
Received Prepare
Registering precompiled user dll's ...
Registered in 0.003663 seconds.
Begin MonoManager ReloadAssembly
Native extension for WindowsStandalone target not found
Refreshing native plugins compatible for Editor in 0.31 ms, found 2 plugins.
Preloading 0 native plugins for Editor in 0.00 ms.
Mono: successfully reloaded assembly
- Completed reload, in  0.941 seconds
Platform modules already initialized, skipping
Switching build target platform(19) subTarget(0) extendedPlatform(0) -> platform(13) subTarget(537395200) extendedPlatform(0)
Refreshing native plugins compatible for Editor in 0.31 ms, found 2 plugins.
Preloading 0 native plugins for Editor in 0.00 ms.
Unloading 1556 Unused Serialized files (Serialized files now loaded: 0)
System memory in use before: 75.4 MB.
System memory in use after: 75.4 MB.

Unloading 15 unused Assets to reduce memory usage. Loaded Objects now: 2053.
Total: 1.762300 ms (FindLiveObjects: 0.148800 ms CreateObjectMapping: 0.047900 ms MarkObjects: 1.509100 ms  DeleteObjects: 0.055600 ms)

AssetImportParameters requested are different than current active one (requested -> active):
  custom:graphics/normal-map-encoding: 01000000000000000000000000000000 -> 02000000000000000000000000000000
========================================================================
Received Prepare
Registering precompiled user dll's ...
Registered in 0.004726 seconds.
Begin MonoManager ReloadAssembly
Native extension for WindowsStandalone target not found
Refreshing native plugins compatible for Editor in 0.42 ms, found 2 plugins.
Preloading 0 native plugins for Editor in 0.00 ms.
Mono: successfully reloaded assembly
- Completed reload, in  0.941 seconds
Platform modules already initialized, skipping
Switching build target platform(19) subTarget(0) extendedPlatform(0) -> platform(13) subTarget(537395200) extendedPlatform(0)
Refreshing native plugins compatible for Editor in 0.32 ms, found 2 plugins.
Preloading 0 native plugins for Editor in 0.00 ms.
Unloading 1556 Unused Serialized files (Serialized files now loaded: 0)
System memory in use before: 75.4 MB.
System memory in use after: 75.4 MB.

Unloading 15 unused Assets to reduce memory usage. Loaded Objects now: 2056.
Total: 1.785100 ms (FindLiveObjects: 0.150700 ms CreateObjectMapping: 0.049400 ms MarkObjects: 1.478500 ms  DeleteObjects: 0.105700 ms)

AssetImportParameters requested are different than current active one (requested -> active):
  custom:graphics/normal-map-encoding: 01000000000000000000000000000000 -> 02000000000000000000000000000000
========================================================================
Received Prepare
Refreshing native plugins compatible for Editor in 3.93 ms, found 2 plugins.
Preloading 0 native plugins for Editor in 0.00 ms.
Unloading 12 Unused Serialized files (Serialized files now loaded: 0)
System memory in use before: 44.9 MB.
System memory in use after: 44.9 MB.

Unloading 12 unused Assets to reduce memory usage. Loaded Objects now: 2056.
Total: 2.728200 ms (FindLiveObjects: 0.319300 ms CreateObjectMapping: 0.147500 ms MarkObjects: 2.180200 ms  DeleteObjects: 0.079700 ms)

AssetImportWorkerClient::OnTransportError - code=2 error=End of file
